

 Pos Center:  [-5.03839696e+01 -1.35073301e+00  4.98722000e+01  1.89398163e-03
 -2.72840060e-03  1.99829755e-03 -8.08598323e-05  1.76797809e-01
  1.03528932e+03  6.15976352e+05  1.42097007e+03  1.27050349e+01
  1.09847564e+03  3.26092857e+00  1.32205652e+00  1.27635385e+00
  1.37640656e+01  5.47342327e+01  2.72555422e+01  2.59900133e+01
  8.65254144e-01 -6.30746835e-02  1.36254720e+01  3.16527797e+00
  5.91040336e-03  9.83096639e-01  5.32592218e-01  1.10659424e+01
  1.21355592e+03  9.87916983e+00  1.49347274e+02  7.20893088e+01
  5.29634397e+01  8.75984116e+01  1.60978015e+00  1.19617419e+01
  5.20464881e-01  3.79969499e-01  5.77357740e-02  6.48573080e+01
  8.02277838e+01]


 Neg Center:  [-1.51781971e+01 -1.06244261e-02  5.02858729e+01  2.20798160e-03
 -2.21338532e-03  2.32512363e-05 -8.37162698e-05  3.09977469e-02
  1.33620814e+03  8.64391984e+05  9.75921809e+02  1.27474267e+01
  1.38399319e+03  2.74190776e+00  1.32658618e+00  1.32553562e+00
  1.11826264e+01  6.09641847e+01  2.19493786e+01  2.09146498e+01
  9.00226105e-01 -5.58609692e-04  1.09974872e+01  3.49259782e+00
  4.55875093e-03  1.04380234e+00  5.58032696e-01  1.12037116e+01
  1.28860907e+03  1.03176909e+01  1.56447977e+02  7.72216352e+01
  5.53796526e+01  9.19699311e+01  1.60226190e+00  1.18094803e+01
  4.59472418e-01  3.42087992e-01  7.58477798e-02  1.06151994e+02
  1.48109426e+02]


 Euclid distance between them:  248416.403935755


 Max pos distance:  1031444439.6485419


 Max neg distance:  10669729656.01593
